[14:04:35] [main/INFO] (FabricLoader/GameProvider) Loading Minecraft 1.21.11 with Fabric Loader 0.18.4
[14:04:35] [main/INFO] (FabricLoader) Loading 65 mods:
	- attributescreen 1.0.0
	- cloth-basic-math 0.6.1
	- cloth-config 21.11.153
	- durabilitytooltip 1.1.6
	- fabric-api 0.141.3+1.21.11
	- fabric-api-base 1.0.5+4ebb5c083e
	- fabric-api-lookup-api-v1 1.6.114+20dc27073e
	- fabric-biome-api-v1 17.1.1+4fc5413f3e
	- fabric-block-api-v1 1.1.10+4ebb5c083e
	- fabric-block-view-api-v2 1.0.39+4ebb5c083e
	- fabric-client-gametest-api-v1 4.3.5+bfe9fcf43e
	- fabric-command-api-v2 2.4.7+6b42a6003e
	- fabric-content-registries-v0 10.2.14+4fc5413f3e
	- fabric-convention-tags-v1 2.1.55+7f945d5b3e
	- fabric-convention-tags-v2 2.17.3+8ef948ba3e
	- fabric-crash-report-info-v1 0.3.23+4ebb5c083e
	- fabric-data-attachment-api-v1 1.8.47+eed0806f3e
	- fabric-data-generation-api-v1 23.4.0+69974c4e3e
	- fabric-dimensions-v1 4.0.28+4fc5413f3e
	- fabric-entity-events-v1 3.1.1+1d0ab4303e
	- fabric-events-interaction-v0 4.1.0+3b89ecf63e
	- fabric-game-rule-api-v1 2.0.3+4fc5413f3e
	- fabric-gametest-api-v1 3.1.27+4fc5413f3e
	- fabric-item-api-v1 11.5.20+d0c46b9e3e
	- fabric-item-group-api-v1 4.2.36+4fc5413f3e
	- fabric-key-binding-api-v1 1.1.7+4fc5413f3e
	- fabric-lifecycle-events-v1 2.6.15+4ebb5c083e
	- fabric-loot-api-v2 3.0.73+3f89f5a53e
	- fabric-loot-api-v3 2.0.20+78c8b4663e
	- fabric-message-api-v1 6.1.12+4ebb5c083e
	- fabric-model-loading-api-v1 6.0.15+4fc5413f3e
	- fabric-networking-api-v1 5.1.5+ae1e07683e
	- fabric-object-builder-api-v1 21.1.39+4fc5413f3e
	- fabric-particles-v1 4.2.11+4fc5413f3e
	- fabric-recipe-api-v1 8.2.3+4ebb5c083e
	- fabric-registry-sync-v0 6.2.5+1718722b3e
	- fabric-renderer-api-v1 8.0.3+f4ffd2e53e
	- fabric-renderer-indigo 5.0.3+f4ffd2e53e
	- fabric-rendering-fluids-v1 3.1.43+4ebb5c083e
	- fabric-rendering-v1 16.2.10+0290ad933e
	- fabric-resource-conditions-api-v1 5.0.35+4fc5413f3e
	- fabric-resource-loader-v0 3.3.4+4fc5413f3e
	- fabric-resource-loader-v1 1.0.10+78c8b4663e
	- fabric-screen-api-v1 3.1.7+4ebb5c083e
	- fabric-screen-handler-api-v1 1.3.161+4fc5413f3e
	- fabric-serialization-api-v1 1.0.5+4ebb5c083e
	- fabric-sound-api-v1 1.0.51+4fc5413f3e
	- fabric-tag-api-v1 1.2.20+4fc5413f3e
	- fabric-transfer-api-v1 6.0.25+4fc5413f3e
	- fabric-transitive-access-wideners-v1 7.1.0+014c8cec3e
	- fabricloader 0.18.4
	- forgeconfigapiport 21.11.1
	   |-- com_electronwill_night-config_core 3.8.3
	   \-- com_electronwill_night-config_toml 3.8.3
	- healthbars 21.11.0
	- java 21
	- libz 1.21.11
	   \-- blue_endless_jankson 1.2.0
	- minecraft 1.21.11
	- mixinextras 0.5.0
	- modmenu 17.0.0-beta.2
	   \-- placeholder-api 2.8.1+1.21.10
	- player_level_skills 1.0.0
	- puzzleslib 21.11.11
	- supermartijn642configlib 1.1.8
[14:04:40] [main/INFO] (FabricLoader/Mixin) SpongePowered MIXIN Subsystem Version=0.8.7 Source=file:/C:/Users/rafae/.gradle/caches/modules-2/files-2.1/net.fabricmc/sponge-mixin/0.17.0+mixin.0.8.7/cf31463202f72d03b0ef1e1e38e8ee71b7faaab6/sponge-mixin-0.17.0+mixin.0.8.7.jar Service=Knot/Fabric Env=CLIENT
[14:04:40] [main/INFO] (FabricLoader/Mixin) Loaded Fabric development mappings for mixin remapper!
[14:04:40] [main/INFO] (FabricLoader/Mixin) Compatibility level set to JAVA_21
[14:04:40] [main/WARN] (FabricLoader/Mixin) Reference map 'supermartijn642configlib.mixins.refmap.json' for supermartijn642configlib.mixins.json could not be read. If this is a development environment you can ignore this message
[14:04:40] [main/WARN] (FabricLoader/Mixin) Reference map 'durabilitytooltip.mixins.refmap.json' for durabilitytooltip.mixins.json could not be read. If this is a development environment you can ignore this message
[14:04:42] [main/INFO] (FabricLoader/MixinExtras|Service) Initializing MixinExtras via com.llamalad7.mixinextras.service.MixinExtrasServiceImpl(version=0.5.0).
[14:04:43] [Datafixer Bootstrap/INFO] (Minecraft) 287 Datafixer optimizations took 557 milliseconds
[14:04:49] [Render thread/INFO] (Minecraft) Environment: Environment[sessionHost=https://sessionserver.mojang.com, servicesHost=https://api.minecraftservices.com, profilesHost=https://api.mojang.com, name=PROD]
[14:04:49] [Render thread/INFO] (Minecraft) Setting user: Player603
[14:04:49] [Render thread/INFO] (LevelZ) SkillLoader registered.
[14:04:49] [Render thread/INFO] (LevelZ) RestrictionInit registered.
[14:04:49] [Render thread/INFO] (player_level_skills) ALUUU
[14:04:50] [Render thread/INFO] (Puzzles Lib) Constructing components for puzzleslib:common
[14:04:50] [Render thread/INFO] (Puzzles Lib) Constructing components for healthbars:common
[14:04:50] [Render thread/INFO] (Puzzles Lib) Dispatching loading event for config healthbars-client.toml
[14:04:50] [Download-2/ERROR] (Minecraft) Failed to fetch user properties
com.mojang.authlib.exceptions.InvalidCredentialsException: Status: 401
	at knot//com.mojang.authlib.exceptions.MinecraftClientHttpException.toAuthenticationException(MinecraftClientHttpException.java:59)
	at knot//com.mojang.authlib.yggdrasil.YggdrasilUserApiService.fetchProperties(YggdrasilUserApiService.java:150)
	at knot//net.minecraft.client.MinecraftClient.method_55608(MinecraftClient.java:457)
	at java.base/java.util.concurrent.CompletableFuture$AsyncSupply.run(CompletableFuture.java:1768)
	at java.base/java.util.concurrent.ThreadPoolExecutor.runWorker(ThreadPoolExecutor.java:1144)
	at java.base/java.util.concurrent.ThreadPoolExecutor$Worker.run(ThreadPoolExecutor.java:642)
	at java.base/java.lang.Thread.run(Thread.java:1583)
Caused by: com.mojang.authlib.exceptions.MinecraftClientHttpException: Status: 401
	at knot//com.mojang.authlib.minecraft.client.MinecraftClient.readInputStream(MinecraftClient.java:103)
	at knot//com.mojang.authlib.minecraft.client.MinecraftClient.get(MinecraftClient.java:56)
	at knot//com.mojang.authlib.yggdrasil.YggdrasilUserApiService.fetchProperties(YggdrasilUserApiService.java:121)
	... 5 more
[14:04:50] [Render thread/INFO] (Indigo) [Indigo] Registering Indigo renderer!
[14:04:50] [Render thread/INFO] (Mod Menu/Update Checker) Checking mod updates...
[14:04:50] [Render thread/INFO] (Puzzles Lib) Constructing components for puzzleslib:client
[14:04:50] [Render thread/INFO] (Puzzles Lib) Constructing components for healthbars:client
[14:04:50] [ModMenu/Update Checker/Fabric Loader/INFO] (Mod Menu/Update Checker) Update available for 'fabricloader@0.18.4'
[14:04:50] [Worker-Main-1/INFO] (Mod Menu/Update Checker) Update available for 'modmenu@17.0.0-beta.2', (-> 17.0.0)
[14:04:50] [Worker-Main-1/INFO] (Mod Menu/Update Checker) Update available for 'puzzleslib@21.11.11', (-> 21.11.12)
[14:04:50] [Render thread/ERROR] (Minecraft) Couldn't load durabilitytooltip pack metadata: Pack declares support for version newer than 64, but is missing mandatory fields min_format and max_format
[14:04:50] [Render thread/INFO] (Minecraft) Backend library: LWJGL version 3.3.3-snapshot
[14:04:51] [Render thread/INFO] (Minecraft) Using optional rendering extensions: GL_ARB_buffer_storage, GL_KHR_debug, GL_ARB_vertex_attrib_binding, GL_ARB_direct_state_access, GL_EXT_texture_filter_anisotropic
[14:04:51] [Render thread/ERROR] (Minecraft) Couldn't load durabilitytooltip pack metadata: Pack declares support for version newer than 64, but is missing mandatory fields min_format and max_format
[14:04:52] [Render thread/INFO] (Minecraft) Reloading ResourceManager: vanilla, attributescreen, cloth-config, durabilitytooltip, fabric-api, fabric-api-base, fabric-api-lookup-api-v1, fabric-biome-api-v1, fabric-block-api-v1, fabric-block-view-api-v2, fabric-client-gametest-api-v1, fabric-command-api-v2, fabric-content-registries-v0, fabric-convention-tags-v1, fabric-convention-tags-v2, fabric-crash-report-info-v1, fabric-data-attachment-api-v1, fabric-data-generation-api-v1, fabric-dimensions-v1, fabric-entity-events-v1, fabric-events-interaction-v0, fabric-game-rule-api-v1, fabric-gametest-api-v1, fabric-item-api-v1, fabric-item-group-api-v1, fabric-key-binding-api-v1, fabric-lifecycle-events-v1, fabric-loot-api-v2, fabric-loot-api-v3, fabric-message-api-v1, fabric-model-loading-api-v1, fabric-networking-api-v1, fabric-object-builder-api-v1, fabric-particles-v1, fabric-recipe-api-v1, fabric-registry-sync-v0, fabric-renderer-api-v1, fabric-renderer-indigo, fabric-rendering-fluids-v1, fabric-rendering-v1, fabric-resource-conditions-api-v1, fabric-resource-loader-v0, fabric-resource-loader-v1, fabric-screen-api-v1, fabric-screen-handler-api-v1, fabric-serialization-api-v1, fabric-sound-api-v1, fabric-tag-api-v1, fabric-transfer-api-v1, fabric-transitive-access-wideners-v1, fabricloader, forgeconfigapiport, healthbars, libz, modmenu, placeholder-api, player_level_skills
[14:04:52] [Worker-Main-8/INFO] (Minecraft) Found unifont_pua-17.0.01.hex, loading
[14:04:52] [Worker-Main-11/INFO] (Minecraft) Found unifont_all_no_pua-17.0.01.hex, loading
[14:04:52] [Worker-Main-2/INFO] (Minecraft) Found unifont_jp_patch-17.0.01.hex, loading
[14:04:52] [Download-2/INFO] (Minecraft) Could not authorize you against Realms server: java.lang.RuntimeException: Failed to parse into SignedJWT: FabricMC
[14:04:52] [Download-2/ERROR] (Minecraft) Failed to fetch Realms feature flags
net.minecraft.client.realms.exception.RealmsServiceException: Realms authentication error with message 'java.lang.RuntimeException: Failed to parse into SignedJWT: FabricMC'
	at knot//net.minecraft.client.realms.RealmsClient.execute(RealmsClient.java:526)
	at knot//net.minecraft.client.realms.RealmsClient.fetchFeatureFlags(RealmsClient.java:186)
	at java.base/java.util.concurrent.CompletableFuture$AsyncSupply.run(CompletableFuture.java:1768)
	at java.base/java.util.concurrent.ThreadPoolExecutor.runWorker(ThreadPoolExecutor.java:1144)
	at java.base/java.util.concurrent.ThreadPoolExecutor$Worker.run(ThreadPoolExecutor.java:642)
	at java.base/java.lang.Thread.run(Thread.java:1583)
[14:04:53] [Render thread/INFO] (Minecraft) OpenAL initialized on device OpenAL Soft on LG ULTRAWIDE (NVIDIA High Definition Audio)
[14:04:53] [Render thread/INFO] (Minecraft) Sound engine started
[14:04:53] [Render thread/INFO] (Minecraft) Created: 512x256x0 minecraft:textures/atlas/particles.png-atlas
[14:04:53] [Render thread/INFO] (Minecraft) Created: 128x128x0 minecraft:textures/atlas/decorated_pot.png-atlas
[14:04:53] [Render thread/INFO] (Minecraft) Created: 2048x1024x0 minecraft:textures/atlas/armor_trims.png-atlas
[14:04:53] [Render thread/INFO] (Minecraft) Created: 512x256x0 minecraft:textures/atlas/paintings.png-atlas
[14:04:53] [Render thread/INFO] (Minecraft) Created: 1024x512x0 minecraft:textures/atlas/shield_patterns.png-atlas
[14:04:53] [Render thread/INFO] (Minecraft) Created: 2048x2048x4 minecraft:textures/atlas/blocks.png-atlas
[14:04:53] [Render thread/INFO] (Minecraft) Created: 512x512x0 minecraft:textures/atlas/chest.png-atlas
[14:04:53] [Render thread/INFO] (Minecraft) Created: 256x128x0 minecraft:textures/atlas/celestials.png-atlas
[14:04:53] [Render thread/INFO] (Minecraft) Created: 1024x512x0 minecraft:textures/atlas/banner_patterns.png-atlas
[14:04:53] [Render thread/INFO] (Minecraft) Created: 512x512x0 minecraft:textures/atlas/beds.png-atlas
[14:04:53] [Render thread/INFO] (Minecraft) Created: 1024x512x0 minecraft:textures/atlas/items.png-atlas
[14:04:53] [Render thread/INFO] (Minecraft) Created: 1024x1024x0 minecraft:textures/atlas/gui.png-atlas
[14:04:53] [Render thread/INFO] (Minecraft) Created: 128x64x0 minecraft:textures/atlas/map_decorations.png-atlas
[14:04:53] [Render thread/INFO] (Minecraft) Created: 512x256x0 minecraft:textures/atlas/signs.png-atlas
[14:04:53] [Render thread/INFO] (Minecraft) Created: 512x512x0 minecraft:textures/atlas/shulker_boxes.png-atlas
[14:04:54] [IO-Worker-1/INFO] (Minecraft) Could not authorize you against Realms server: java.lang.RuntimeException: Failed to parse into SignedJWT: FabricMC
[14:04:54] [IO-Worker-1/ERROR] (Minecraft) Couldn't connect to realms
net.minecraft.client.realms.exception.RealmsServiceException: Realms authentication error with message 'java.lang.RuntimeException: Failed to parse into SignedJWT: FabricMC'
	at knot//net.minecraft.client.realms.RealmsClient.execute(RealmsClient.java:526)
	at knot//net.minecraft.client.realms.RealmsClient.clientCompatible(RealmsClient.java:307)
	at knot//net.minecraft.client.realms.RealmsAvailability.method_52627(RealmsAvailability.java:48)
	at java.base/java.util.concurrent.CompletableFuture$AsyncSupply.run(CompletableFuture.java:1768)
	at java.base/java.util.concurrent.ThreadPoolExecutor.runWorker(ThreadPoolExecutor.java:1144)
	at java.base/java.util.concurrent.ThreadPoolExecutor$Worker.run(ThreadPoolExecutor.java:642)
	at java.base/java.lang.Thread.run(Thread.java:1583)
[14:05:06] [Worker-Main-3/ERROR] (Minecraft) Couldn't parse data file 'player_level_skills:reach_levelz_100' from 'player_level_skills:advancement/reach_levelz_100.json': DataResult.Error['Unknown registry key in ResourceKey[minecraft:root / minecraft:trigger_type]: player_level_skills:level missed input: {"level100":{"trigger":"player_level_skills:level","conditions":{"level":100}}}; Advancement criteria cannot be empty']
[14:05:06] [Render thread/INFO] (Minecraft) Loaded 1470 recipes
[14:05:06] [Render thread/INFO] (Minecraft) Loaded 1584 advancements
[14:05:06] [Render thread/INFO] (PlayerLevelSkills) Loaded enchantment: minecraft:aqua_affinity | maxLevel=1
[14:05:06] [Render thread/INFO] (PlayerLevelSkills)  - registered level 1 as key=minecraft:aqua_affinity1 index=0
[14:05:06] [Render thread/INFO] (PlayerLevelSkills) Loaded enchantment: minecraft:bane_of_arthropods | maxLevel=5
[14:05:06] [Render thread/INFO] (PlayerLevelSkills)  - registered level 1 as key=minecraft:bane_of_arthropods1 index=1
[14:05:06] [Render thread/INFO] (PlayerLevelSkills)  - registered level 2 as key=minecraft:bane_of_arthropods2 index=2
[14:05:06] [Render thread/INFO] (PlayerLevelSkills)  - registered level 3 as key=minecraft:bane_of_arthropods3 index=3
[14:05:06] [Render thread/INFO] (PlayerLevelSkills)  - registered level 4 as key=minecraft:bane_of_arthropods4 index=4
[14:05:06] [Render thread/INFO] (PlayerLevelSkills)  - registered level 5 as key=minecraft:bane_of_arthropods5 index=5
[14:05:06] [Render thread/INFO] (PlayerLevelSkills) Loaded enchantment: minecraft:binding_curse | maxLevel=1
[14:05:06] [Render thread/INFO] (PlayerLevelSkills)  - registered level 1 as key=minecraft:binding_curse1 index=6
[14:05:06] [Render thread/INFO] (PlayerLevelSkills) Loaded enchantment: minecraft:blast_protection | maxLevel=4
[14:05:06] [Render thread/INFO] (PlayerLevelSkills)  - registered level 1 as key=minecraft:blast_protection1 index=7
[14:05:06] [Render thread/INFO] (PlayerLevelSkills)  - registered level 2 as key=minecraft:blast_protection2 index=8
[14:05:06] [Render thread/INFO] (PlayerLevelSkills)  - registered level 3 as key=minecraft:blast_protection3 index=9
[14:05:06] [Render thread/INFO] (PlayerLevelSkills)  - registered level 4 as key=minecraft:blast_protection4 index=10
[14:05:06] [Render thread/INFO] (PlayerLevelSkills) Loaded enchantment: minecraft:breach | maxLevel=4
[14:05:06] [Render thread/INFO] (PlayerLevelSkills)  - registered level 1 as key=minecraft:breach1 index=11
[14:05:06] [Render thread/INFO] (PlayerLevelSkills)  - registered level 2 as key=minecraft:breach2 index=12
[14:05:06] [Render thread/INFO] (PlayerLevelSkills)  - registered level 3 as key=minecraft:breach3 index=13
[14:05:06] [Render thread/INFO] (PlayerLevelSkills)  - registered level 4 as key=minecraft:breach4 index=14
[14:05:06] [Render thread/INFO] (PlayerLevelSkills) Loaded enchantment: minecraft:channeling | maxLevel=1
[14:05:06] [Render thread/INFO] (PlayerLevelSkills)  - registered level 1 as key=minecraft:channeling1 index=15
[14:05:06] [Render thread/INFO] (PlayerLevelSkills) Loaded enchantment: minecraft:density | maxLevel=5
[14:05:06] [Render thread/INFO] (PlayerLevelSkills)  - registered level 1 as key=minecraft:density1 index=16
[14:05:06] [Render thread/INFO] (PlayerLevelSkills)  - registered level 2 as key=minecraft:density2 index=17
[14:05:06] [Render thread/INFO] (PlayerLevelSkills)  - registered level 3 as key=minecraft:density3 index=18
[14:05:06] [Render thread/INFO] (PlayerLevelSkills)  - registered level 4 as key=minecraft:density4 index=19
[14:05:06] [Render thread/INFO] (PlayerLevelSkills)  - registered level 5 as key=minecraft:density5 index=20
[14:05:06] [Render thread/INFO] (PlayerLevelSkills) Loaded enchantment: minecraft:depth_strider | maxLevel=3
[14:05:06] [Render thread/INFO] (PlayerLevelSkills)  - registered level 1 as key=minecraft:depth_strider1 index=21
[14:05:06] [Render thread/INFO] (PlayerLevelSkills)  - registered level 2 as key=minecraft:depth_strider2 index=22
[14:05:06] [Render thread/INFO] (PlayerLevelSkills)  - registered level 3 as key=minecraft:depth_strider3 index=23
[14:05:06] [Render thread/INFO] (PlayerLevelSkills) Loaded enchantment: minecraft:efficiency | maxLevel=5
[14:05:06] [Render thread/INFO] (PlayerLevelSkills)  - registered level 1 as key=minecraft:efficiency1 index=24
[14:05:06] [Render thread/INFO] (PlayerLevelSkills)  - registered level 2 as key=minecraft:efficiency2 index=25
[14:05:06] [Render thread/INFO] (PlayerLevelSkills)  - registered level 3 as key=minecraft:efficiency3 index=26
[14:05:06] [Render thread/INFO] (PlayerLevelSkills)  - registered level 4 as key=minecraft:efficiency4 index=27
[14:05:06] [Render thread/INFO] (PlayerLevelSkills)  - registered level 5 as key=minecraft:efficiency5 index=28
[14:05:06] [Render thread/INFO] (PlayerLevelSkills) Loaded enchantment: minecraft:feather_falling | maxLevel=4
[14:05:06] [Render thread/INFO] (PlayerLevelSkills)  - registered level 1 as key=minecraft:feather_falling1 index=29
[14:05:06] [Render thread/INFO] (PlayerLevelSkills)  - registered level 2 as key=minecraft:feather_falling2 index=30
[14:05:06] [Render thread/INFO] (PlayerLevelSkills)  - registered level 3 as key=minecraft:feather_falling3 index=31
[14:05:06] [Render thread/INFO] (PlayerLevelSkills)  - registered level 4 as key=minecraft:feather_falling4 index=32
[14:05:06] [Render thread/INFO] (PlayerLevelSkills) Loaded enchantment: minecraft:fire_aspect | maxLevel=2
[14:05:06] [Render thread/INFO] (PlayerLevelSkills)  - registered level 1 as key=minecraft:fire_aspect1 index=33
[14:05:06] [Render thread/INFO] (PlayerLevelSkills)  - registered level 2 as key=minecraft:fire_aspect2 index=34
[14:05:06] [Render thread/INFO] (PlayerLevelSkills) Loaded enchantment: minecraft:fire_protection | maxLevel=4
[14:05:06] [Render thread/INFO] (PlayerLevelSkills)  - registered level 1 as key=minecraft:fire_protection1 index=35
[14:05:06] [Render thread/INFO] (PlayerLevelSkills)  - registered level 2 as key=minecraft:fire_protection2 index=36
[14:05:06] [Render thread/INFO] (PlayerLevelSkills)  - registered level 3 as key=minecraft:fire_protection3 index=37
[14:05:06] [Render thread/INFO] (PlayerLevelSkills)  - registered level 4 as key=minecraft:fire_protection4 index=38
[14:05:06] [Render thread/INFO] (PlayerLevelSkills) Loaded enchantment: minecraft:flame | maxLevel=1
[14:05:06] [Render thread/INFO] (PlayerLevelSkills)  - registered level 1 as key=minecraft:flame1 index=39
[14:05:06] [Render thread/INFO] (PlayerLevelSkills) Loaded enchantment: minecraft:fortune | maxLevel=3
[14:05:06] [Render thread/INFO] (PlayerLevelSkills)  - registered level 1 as key=minecraft:fortune1 index=40
[14:05:06] [Render thread/INFO] (PlayerLevelSkills)  - registered level 2 as key=minecraft:fortune2 index=41
[14:05:06] [Render thread/INFO] (PlayerLevelSkills)  - registered level 3 as key=minecraft:fortune3 index=42
[14:05:06] [Render thread/INFO] (PlayerLevelSkills) Loaded enchantment: minecraft:frost_walker | maxLevel=2
[14:05:06] [Render thread/INFO] (PlayerLevelSkills)  - registered level 1 as key=minecraft:frost_walker1 index=43
[14:05:06] [Render thread/INFO] (PlayerLevelSkills)  - registered level 2 as key=minecraft:frost_walker2 index=44
[14:05:06] [Render thread/INFO] (PlayerLevelSkills) Loaded enchantment: minecraft:impaling | maxLevel=5
[14:05:06] [Render thread/INFO] (PlayerLevelSkills)  - registered level 1 as key=minecraft:impaling1 index=45
[14:05:06] [Render thread/INFO] (PlayerLevelSkills)  - registered level 2 as key=minecraft:impaling2 index=46
[14:05:06] [Render thread/INFO] (PlayerLevelSkills)  - registered level 3 as key=minecraft:impaling3 index=47
[14:05:06] [Render thread/INFO] (PlayerLevelSkills)  - registered level 4 as key=minecraft:impaling4 index=48
[14:05:06] [Render thread/INFO] (PlayerLevelSkills)  - registered level 5 as key=minecraft:impaling5 index=49
[14:05:06] [Render thread/INFO] (PlayerLevelSkills) Loaded enchantment: minecraft:infinity | maxLevel=1
[14:05:06] [Render thread/INFO] (PlayerLevelSkills)  - registered level 1 as key=minecraft:infinity1 index=50
[14:05:06] [Render thread/INFO] (PlayerLevelSkills) Loaded enchantment: minecraft:knockback | maxLevel=2
[14:05:06] [Render thread/INFO] (PlayerLevelSkills)  - registered level 1 as key=minecraft:knockback1 index=51
[14:05:06] [Render thread/INFO] (PlayerLevelSkills)  - registered level 2 as key=minecraft:knockback2 index=52
[14:05:06] [Render thread/INFO] (PlayerLevelSkills) Loaded enchantment: minecraft:looting | maxLevel=3
[14:05:06] [Render thread/INFO] (PlayerLevelSkills)  - registered level 1 as key=minecraft:looting1 index=53
[14:05:06] [Render thread/INFO] (PlayerLevelSkills)  - registered level 2 as key=minecraft:looting2 index=54
[14:05:06] [Render thread/INFO] (PlayerLevelSkills)  - registered level 3 as key=minecraft:looting3 index=55
[14:05:06] [Render thread/INFO] (PlayerLevelSkills) Loaded enchantment: minecraft:loyalty | maxLevel=3
[14:05:06] [Render thread/INFO] (PlayerLevelSkills)  - registered level 1 as key=minecraft:loyalty1 index=56
[14:05:06] [Render thread/INFO] (PlayerLevelSkills)  - registered level 2 as key=minecraft:loyalty2 index=57
[14:05:06] [Render thread/INFO] (PlayerLevelSkills)  - registered level 3 as key=minecraft:loyalty3 index=58
[14:05:06] [Render thread/INFO] (PlayerLevelSkills) Loaded enchantment: minecraft:luck_of_the_sea | maxLevel=3
[14:05:06] [Render thread/INFO] (PlayerLevelSkills)  - registered level 1 as key=minecraft:luck_of_the_sea1 index=59
[14:05:06] [Render thread/INFO] (PlayerLevelSkills)  - registered level 2 as key=minecraft:luck_of_the_sea2 index=60
[14:05:06] [Render thread/INFO] (PlayerLevelSkills)  - registered level 3 as key=minecraft:luck_of_the_sea3 index=61
[14:05:06] [Render thread/INFO] (PlayerLevelSkills) Loaded enchantment: minecraft:lunge | maxLevel=3
[14:05:06] [Render thread/INFO] (PlayerLevelSkills)  - registered level 1 as key=minecraft:lunge1 index=62
[14:05:06] [Render thread/INFO] (PlayerLevelSkills)  - registered level 2 as key=minecraft:lunge2 index=63
[14:05:06] [Render thread/INFO] (PlayerLevelSkills)  - registered level 3 as key=minecraft:lunge3 index=64
[14:05:06] [Render thread/INFO] (PlayerLevelSkills) Loaded enchantment: minecraft:lure | maxLevel=3
[14:05:06] [Render thread/INFO] (PlayerLevelSkills)  - registered level 1 as key=minecraft:lure1 index=65
[14:05:06] [Render thread/INFO] (PlayerLevelSkills)  - registered level 2 as key=minecraft:lure2 index=66
[14:05:06] [Render thread/INFO] (PlayerLevelSkills)  - registered level 3 as key=minecraft:lure3 index=67
[14:05:06] [Render thread/INFO] (PlayerLevelSkills) Loaded enchantment: minecraft:mending | maxLevel=1
[14:05:06] [Render thread/INFO] (PlayerLevelSkills)  - registered level 1 as key=minecraft:mending1 index=68
[14:05:06] [Render thread/INFO] (PlayerLevelSkills) Loaded enchantment: minecraft:multishot | maxLevel=1
[14:05:06] [Render thread/INFO] (PlayerLevelSkills)  - registered level 1 as key=minecraft:multishot1 index=69
[14:05:06] [Render thread/INFO] (PlayerLevelSkills) Loaded enchantment: minecraft:piercing | maxLevel=4
[14:05:06] [Render thread/INFO] (PlayerLevelSkills)  - registered level 1 as key=minecraft:piercing1 index=70
[14:05:06] [Render thread/INFO] (PlayerLevelSkills)  - registered level 2 as key=minecraft:piercing2 index=71
[14:05:06] [Render thread/INFO] (PlayerLevelSkills)  - registered level 3 as key=minecraft:piercing3 index=72
[14:05:06] [Render thread/INFO] (PlayerLevelSkills)  - registered level 4 as key=minecraft:piercing4 index=73
[14:05:06] [Render thread/INFO] (PlayerLevelSkills) Loaded enchantment: minecraft:power | maxLevel=5
[14:05:06] [Render thread/INFO] (PlayerLevelSkills)  - registered level 1 as key=minecraft:power1 index=74
[14:05:06] [Render thread/INFO] (PlayerLevelSkills)  - registered level 2 as key=minecraft:power2 index=75
[14:05:06] [Render thread/INFO] (PlayerLevelSkills)  - registered level 3 as key=minecraft:power3 index=76
[14:05:06] [Render thread/INFO] (PlayerLevelSkills)  - registered level 4 as key=minecraft:power4 index=77
[14:05:06] [Render thread/INFO] (PlayerLevelSkills)  - registered level 5 as key=minecraft:power5 index=78
[14:05:06] [Render thread/INFO] (PlayerLevelSkills) Loaded enchantment: minecraft:projectile_protection | maxLevel=4
[14:05:06] [Render thread/INFO] (PlayerLevelSkills)  - registered level 1 as key=minecraft:projectile_protection1 index=79
[14:05:06] [Render thread/INFO] (PlayerLevelSkills)  - registered level 2 as key=minecraft:projectile_protection2 index=80
[14:05:06] [Render thread/INFO] (PlayerLevelSkills)  - registered level 3 as key=minecraft:projectile_protection3 index=81
[14:05:06] [Render thread/INFO] (PlayerLevelSkills)  - registered level 4 as key=minecraft:projectile_protection4 index=82
[14:05:06] [Render thread/INFO] (PlayerLevelSkills) Loaded enchantment: minecraft:protection | maxLevel=4
[14:05:06] [Render thread/INFO] (PlayerLevelSkills)  - registered level 1 as key=minecraft:protection1 index=83
[14:05:06] [Render thread/INFO] (PlayerLevelSkills)  - registered level 2 as key=minecraft:protection2 index=84
[14:05:06] [Render thread/INFO] (PlayerLevelSkills)  - registered level 3 as key=minecraft:protection3 index=85
[14:05:06] [Render thread/INFO] (PlayerLevelSkills)  - registered level 4 as key=minecraft:protection4 index=86
[14:05:06] [Render thread/INFO] (PlayerLevelSkills) Loaded enchantment: minecraft:punch | maxLevel=2
[14:05:06] [Render thread/INFO] (PlayerLevelSkills)  - registered level 1 as key=minecraft:punch1 index=87
[14:05:06] [Render thread/INFO] (PlayerLevelSkills)  - registered level 2 as key=minecraft:punch2 index=88
[14:05:06] [Render thread/INFO] (PlayerLevelSkills) Loaded enchantment: minecraft:quick_charge | maxLevel=3
[14:05:06] [Render thread/INFO] (PlayerLevelSkills)  - registered level 1 as key=minecraft:quick_charge1 index=89
[14:05:06] [Render thread/INFO] (PlayerLevelSkills)  - registered level 2 as key=minecraft:quick_charge2 index=90
[14:05:06] [Render thread/INFO] (PlayerLevelSkills)  - registered level 3 as key=minecraft:quick_charge3 index=91
[14:05:06] [Render thread/INFO] (PlayerLevelSkills) Loaded enchantment: minecraft:respiration | maxLevel=3
[14:05:06] [Render thread/INFO] (PlayerLevelSkills)  - registered level 1 as key=minecraft:respiration1 index=92
[14:05:06] [Render thread/INFO] (PlayerLevelSkills)  - registered level 2 as key=minecraft:respiration2 index=93
[14:05:06] [Render thread/INFO] (PlayerLevelSkills)  - registered level 3 as key=minecraft:respiration3 index=94
[14:05:06] [Render thread/INFO] (PlayerLevelSkills) Loaded enchantment: minecraft:riptide | maxLevel=3
[14:05:06] [Render thread/INFO] (PlayerLevelSkills)  - registered level 1 as key=minecraft:riptide1 index=95
[14:05:06] [Render thread/INFO] (PlayerLevelSkills)  - registered level 2 as key=minecraft:riptide2 index=96
[14:05:06] [Render thread/INFO] (PlayerLevelSkills)  - registered level 3 as key=minecraft:riptide3 index=97
[14:05:06] [Render thread/INFO] (PlayerLevelSkills) Loaded enchantment: minecraft:sharpness | maxLevel=5
[14:05:06] [Render thread/INFO] (PlayerLevelSkills)  - registered level 1 as key=minecraft:sharpness1 index=98
[14:05:06] [Render thread/INFO] (PlayerLevelSkills)  - registered level 2 as key=minecraft:sharpness2 index=99
[14:05:06] [Render thread/INFO] (PlayerLevelSkills)  - registered level 3 as key=minecraft:sharpness3 index=100
[14:05:06] [Render thread/INFO] (PlayerLevelSkills)  - registered level 4 as key=minecraft:sharpness4 index=101
[14:05:06] [Render thread/INFO] (PlayerLevelSkills)  - registered level 5 as key=minecraft:sharpness5 index=102
[14:05:06] [Render thread/INFO] (PlayerLevelSkills) Loaded enchantment: minecraft:silk_touch | maxLevel=1
[14:05:06] [Render thread/INFO] (PlayerLevelSkills)  - registered level 1 as key=minecraft:silk_touch1 index=103
[14:05:06] [Render thread/INFO] (PlayerLevelSkills) Loaded enchantment: minecraft:smite | maxLevel=5
[14:05:06] [Render thread/INFO] (PlayerLevelSkills)  - registered level 1 as key=minecraft:smite1 index=104
[14:05:06] [Render thread/INFO] (PlayerLevelSkills)  - registered level 2 as key=minecraft:smite2 index=105
[14:05:06] [Render thread/INFO] (PlayerLevelSkills)  - registered level 3 as key=minecraft:smite3 index=106
[14:05:06] [Render thread/INFO] (PlayerLevelSkills)  - registered level 4 as key=minecraft:smite4 index=107
[14:05:06] [Render thread/INFO] (PlayerLevelSkills)  - registered level 5 as key=minecraft:smite5 index=108
[14:05:06] [Render thread/INFO] (PlayerLevelSkills) Loaded enchantment: minecraft:soul_speed | maxLevel=3
[14:05:06] [Render thread/INFO] (PlayerLevelSkills)  - registered level 1 as key=minecraft:soul_speed1 index=109
[14:05:06] [Render thread/INFO] (PlayerLevelSkills)  - registered level 2 as key=minecraft:soul_speed2 index=110
[14:05:06] [Render thread/INFO] (PlayerLevelSkills)  - registered level 3 as key=minecraft:soul_speed3 index=111
[14:05:06] [Render thread/INFO] (PlayerLevelSkills) Loaded enchantment: minecraft:sweeping_edge | maxLevel=3
[14:05:06] [Render thread/INFO] (PlayerLevelSkills)  - registered level 1 as key=minecraft:sweeping_edge1 index=112
[14:05:06] [Render thread/INFO] (PlayerLevelSkills)  - registered level 2 as key=minecraft:sweeping_edge2 index=113
[14:05:06] [Render thread/INFO] (PlayerLevelSkills)  - registered level 3 as key=minecraft:sweeping_edge3 index=114
[14:05:06] [Render thread/INFO] (PlayerLevelSkills) Loaded enchantment: minecraft:swift_sneak | maxLevel=3
[14:05:06] [Render thread/INFO] (PlayerLevelSkills)  - registered level 1 as key=minecraft:swift_sneak1 index=115
[14:05:06] [Render thread/INFO] (PlayerLevelSkills)  - registered level 2 as key=minecraft:swift_sneak2 index=116
[14:05:06] [Render thread/INFO] (PlayerLevelSkills)  - registered level 3 as key=minecraft:swift_sneak3 index=117
[14:05:06] [Render thread/INFO] (PlayerLevelSkills) Loaded enchantment: minecraft:thorns | maxLevel=3
[14:05:06] [Render thread/INFO] (PlayerLevelSkills)  - registered level 1 as key=minecraft:thorns1 index=118
[14:05:06] [Render thread/INFO] (PlayerLevelSkills)  - registered level 2 as key=minecraft:thorns2 index=119
[14:05:06] [Render thread/INFO] (PlayerLevelSkills)  - registered level 3 as key=minecraft:thorns3 index=120
[14:05:06] [Render thread/INFO] (PlayerLevelSkills) Loaded enchantment: minecraft:unbreaking | maxLevel=3
[14:05:06] [Render thread/INFO] (PlayerLevelSkills)  - registered level 1 as key=minecraft:unbreaking1 index=121
[14:05:06] [Render thread/INFO] (PlayerLevelSkills)  - registered level 2 as key=minecraft:unbreaking2 index=122
[14:05:06] [Render thread/INFO] (PlayerLevelSkills)  - registered level 3 as key=minecraft:unbreaking3 index=123
[14:05:06] [Render thread/INFO] (PlayerLevelSkills) Loaded enchantment: minecraft:vanishing_curse | maxLevel=1
[14:05:06] [Render thread/INFO] (PlayerLevelSkills)  - registered level 1 as key=minecraft:vanishing_curse1 index=124
[14:05:06] [Render thread/INFO] (PlayerLevelSkills) Loaded enchantment: minecraft:wind_burst | maxLevel=3
[14:05:06] [Render thread/INFO] (PlayerLevelSkills)  - registered level 1 as key=minecraft:wind_burst1 index=125
[14:05:06] [Render thread/INFO] (PlayerLevelSkills)  - registered level 2 as key=minecraft:wind_burst2 index=126
[14:05:06] [Render thread/INFO] (PlayerLevelSkills)  - registered level 3 as key=minecraft:wind_burst3 index=127
[14:05:06] [Render thread/INFO] (PlayerLevelSkills) Finished loading enchantments. Total registered: 128
[14:05:06] [Render thread/INFO] (LevelZ) Reading restriction file: player_level_skills:restriction/default.json
[14:05:06] [Render thread/INFO] (LevelZ) Processing restriction entry: constitution_8 | replace=false
[14:05:06] [Render thread/WARN] (LevelZ) Restriction constitution_8 contains an unrecognized skill called constitution
[14:05:06] [Render thread/WARN] (LevelZ) Restriction constitution_8 does not contain any valid skills.
[14:05:06] [Render thread/INFO] (LevelZ) Processing restriction entry: constitution_10 | replace=false
[14:05:06] [Render thread/WARN] (LevelZ) Restriction constitution_10 contains an unrecognized skill called constitution
[14:05:06] [Render thread/WARN] (LevelZ) Restriction constitution_10 does not contain any valid skills.
[14:05:06] [Render thread/INFO] (LevelZ) Processing restriction entry: constitution_12 | replace=false
[14:05:06] [Render thread/WARN] (LevelZ) Restriction constitution_12 contains an unrecognized skill called constitution
[14:05:06] [Render thread/WARN] (LevelZ) Restriction constitution_12 does not contain any valid skills.
[14:05:06] [Render thread/INFO] (LevelZ) Processing restriction entry: constitution_16 | replace=false
[14:05:06] [Render thread/WARN] (LevelZ) Restriction constitution_16 contains an unrecognized skill called constitution
[14:05:06] [Render thread/WARN] (LevelZ) Restriction constitution_16 does not contain any valid skills.
[14:05:06] [Render thread/INFO] (LevelZ) Processing restriction entry: melee_1 | replace=false
[14:05:06] [Render thread/WARN] (LevelZ) Restriction melee_1 contains an unrecognized skill called melee
[14:05:06] [Render thread/WARN] (LevelZ) Restriction melee_1 does not contain any valid skills.
[14:05:06] [Render thread/INFO] (LevelZ) Processing restriction entry: melee_3 | replace=false
[14:05:06] [Render thread/WARN] (LevelZ) Restriction melee_3 contains an unrecognized skill called melee
[14:05:06] [Render thread/WARN] (LevelZ) Restriction melee_3 does not contain any valid skills.
[14:05:06] [Render thread/INFO] (LevelZ) Processing restriction entry: melee_7 | replace=false
[14:05:06] [Render thread/WARN] (LevelZ) Restriction melee_7 contains an unrecognized skill called melee
[14:05:06] [Render thread/WARN] (LevelZ) Restriction melee_7 does not contain any valid skills.
[14:05:06] [Render thread/INFO] (LevelZ) Processing restriction entry: melee_8 | replace=false
[14:05:06] [Render thread/WARN] (LevelZ) Restriction melee_8 contains an unrecognized skill called melee
[14:05:06] [Render thread/WARN] (LevelZ) Restriction melee_8 does not contain any valid skills.
[14:05:06] [Render thread/INFO] (LevelZ) Processing restriction entry: melee_12 | replace=false
[14:05:06] [Render thread/WARN] (LevelZ) Restriction melee_12 contains an unrecognized skill called melee
[14:05:06] [Render thread/WARN] (LevelZ) Restriction melee_12 does not contain any valid skills.
[14:05:06] [Render thread/INFO] (LevelZ) Processing restriction entry: melee_15 | replace=false
[14:05:06] [Render thread/WARN] (LevelZ) Restriction melee_15 contains an unrecognized skill called melee
[14:05:06] [Render thread/WARN] (LevelZ) Restriction melee_15 does not contain any valid skills.
[14:05:06] [Render thread/INFO] (LevelZ) Processing restriction entry: melee_20 | replace=false
[14:05:06] [Render thread/WARN] (LevelZ) Restriction melee_20 contains an unrecognized skill called melee
[14:05:06] [Render thread/WARN] (LevelZ) Restriction melee_20 does not contain any valid skills.
[14:05:06] [Render thread/INFO] (LevelZ) Processing restriction entry: defense_1 | replace=false
[14:05:06] [Render thread/WARN] (LevelZ) Restriction defense_1 contains an unrecognized skill called defense
[14:05:06] [Render thread/WARN] (LevelZ) Restriction defense_1 does not contain any valid skills.
[14:05:06] [Render thread/INFO] (LevelZ) Processing restriction entry: defense_5 | replace=false
[14:05:06] [Render thread/WARN] (LevelZ) Restriction defense_5 contains an unrecognized skill called defense
[14:05:06] [Render thread/WARN] (LevelZ) Restriction defense_5 does not contain any valid skills.
[14:05:06] [Render thread/INFO] (LevelZ) Processing restriction entry: defense_7 | replace=false
[14:05:06] [Render thread/WARN] (LevelZ) Restriction defense_7 contains an unrecognized skill called defense
[14:05:06] [Render thread/WARN] (LevelZ) Restriction defense_7 does not contain any valid skills.
[14:05:06] [Render thread/INFO] (LevelZ) Processing restriction entry: defense_8 | replace=false
[14:05:06] [Render thread/WARN] (LevelZ) Restriction defense_8 contains an unrecognized skill called defense
[14:05:06] [Render thread/WARN] (LevelZ) Restriction defense_8 does not contain any valid skills.
[14:05:06] [Render thread/INFO] (LevelZ) Processing restriction entry: defense_15 | replace=false
[14:05:06] [Render thread/WARN] (LevelZ) Restriction defense_15 contains an unrecognized skill called defense
[14:05:06] [Render thread/WARN] (LevelZ) Restriction defense_15 does not contain any valid skills.
[14:05:06] [Render thread/INFO] (LevelZ) Processing restriction entry: defense_20 | replace=false
[14:05:06] [Render thread/WARN] (LevelZ) Restriction defense_20 contains an unrecognized skill called defense
[14:05:06] [Render thread/WARN] (LevelZ) Restriction defense_20 does not contain any valid skills.
[14:05:06] [Render thread/INFO] (LevelZ) Processing restriction entry: archery_5 | replace=false
[14:05:06] [Render thread/WARN] (LevelZ) Restriction archery_5 contains an unrecognized skill called archery
[14:05:06] [Render thread/WARN] (LevelZ) Restriction archery_5 does not contain any valid skills.
[14:05:06] [Render thread/INFO] (LevelZ) Processing restriction entry: archery_10 | replace=false
[14:05:06] [Render thread/WARN] (LevelZ) Restriction archery_10 contains an unrecognized skill called archery
[14:05:06] [Render thread/WARN] (LevelZ) Restriction archery_10 does not contain any valid skills.
[14:05:06] [Render thread/INFO] (LevelZ) Processing restriction entry: archery_20 | replace=false
[14:05:06] [Render thread/WARN] (LevelZ) Restriction archery_20 contains an unrecognized skill called archery
[14:05:06] [Render thread/WARN] (LevelZ) Restriction archery_20 does not contain any valid skills.
[14:05:06] [Render thread/INFO] (LevelZ) Processing restriction entry: agility_2 | replace=false
[14:05:06] [Render thread/WARN] (LevelZ) Restriction agility_2 contains an unrecognized skill called agility
[14:05:06] [Render thread/WARN] (LevelZ) Restriction agility_2 does not contain any valid skills.
[14:05:06] [Render thread/INFO] (LevelZ) Processing restriction entry: agility_5 | replace=false
[14:05:06] [Render thread/WARN] (LevelZ) Restriction agility_5 contains an unrecognized skill called agility
[14:05:06] [Render thread/WARN] (LevelZ) Restriction agility_5 does not contain any valid skills.
[14:05:06] [Render thread/INFO] (LevelZ) Processing restriction entry: agility_8 | replace=false
[14:05:06] [Render thread/WARN] (LevelZ) Restriction agility_8 contains an unrecognized skill called agility
[14:05:06] [Render thread/WARN] (LevelZ) Restriction agility_8 does not contain any valid skills.
[14:05:06] [Render thread/INFO] (LevelZ) Processing restriction entry: agility_10 | replace=false
[14:05:06] [Render thread/WARN] (LevelZ) Restriction agility_10 contains an unrecognized skill called agility
[14:05:06] [Render thread/WARN] (LevelZ) Restriction agility_10 does not contain any valid skills.
[14:05:06] [Render thread/INFO] (LevelZ) Processing restriction entry: agility_15 | replace=false
[14:05:06] [Render thread/WARN] (LevelZ) Restriction agility_15 contains an unrecognized skill called agility
[14:05:06] [Render thread/WARN] (LevelZ) Restriction agility_15 does not contain any valid skills.
[14:05:06] [Render thread/INFO] (LevelZ) Processing restriction entry: magic_2 | replace=false
[14:05:06] [Render thread/WARN] (LevelZ) Restriction magic_2 contains an unrecognized skill called magic
[14:05:06] [Render thread/WARN] (LevelZ) Restriction magic_2 does not contain any valid skills.
[14:05:06] [Render thread/INFO] (LevelZ) Processing restriction entry: magic_3 | replace=false
[14:05:06] [Render thread/WARN] (LevelZ) Restriction magic_3 contains an unrecognized skill called magic
[14:05:06] [Render thread/WARN] (LevelZ) Restriction magic_3 does not contain any valid skills.
[14:05:06] [Render thread/INFO] (LevelZ) Processing restriction entry: magic_4 | replace=false
[14:05:06] [Render thread/WARN] (LevelZ) Restriction magic_4 contains an unrecognized skill called magic
[14:05:06] [Render thread/WARN] (LevelZ) Restriction magic_4 does not contain any valid skills.
[14:05:06] [Render thread/INFO] (LevelZ) Processing restriction entry: magic_5 | replace=false
[14:05:06] [Render thread/WARN] (LevelZ) Restriction magic_5 contains an unrecognized skill called magic
[14:05:06] [Render thread/WARN] (LevelZ) Restriction magic_5 does not contain any valid skills.
[14:05:06] [Render thread/INFO] (LevelZ) Processing restriction entry: magic_6 | replace=false
[14:05:06] [Render thread/WARN] (LevelZ) Restriction magic_6 contains an unrecognized skill called magic
[14:05:06] [Render thread/WARN] (LevelZ) Restriction magic_6 does not contain any valid skills.
[14:05:06] [Render thread/INFO] (LevelZ) Processing restriction entry: magic_7 | replace=false
[14:05:06] [Render thread/WARN] (LevelZ) Restriction magic_7 contains an unrecognized skill called magic
[14:05:06] [Render thread/WARN] (LevelZ) Restriction magic_7 does not contain any valid skills.
[14:05:06] [Render thread/INFO] (LevelZ) Processing restriction entry: magic_8 | replace=false
[14:05:06] [Render thread/WARN] (LevelZ) Restriction magic_8 contains an unrecognized skill called magic
[14:05:06] [Render thread/WARN] (LevelZ) Restriction magic_8 does not contain any valid skills.
[14:05:06] [Render thread/INFO] (LevelZ) Processing restriction entry: magic_9 | replace=false
[14:05:06] [Render thread/WARN] (LevelZ) Restriction magic_9 contains an unrecognized skill called magic
[14:05:06] [Render thread/WARN] (LevelZ) Restriction magic_9 does not contain any valid skills.
[14:05:06] [Render thread/INFO] (LevelZ) Processing restriction entry: magic_10 | replace=false
[14:05:06] [Render thread/WARN] (LevelZ) Restriction magic_10 contains an unrecognized skill called magic
[14:05:06] [Render thread/WARN] (LevelZ) Restriction magic_10 does not contain any valid skills.
[14:05:06] [Render thread/INFO] (LevelZ) Processing restriction entry: magic_11 | replace=false
[14:05:06] [Render thread/WARN] (LevelZ) Restriction magic_11 contains an unrecognized skill called magic
[14:05:06] [Render thread/WARN] (LevelZ) Restriction magic_11 does not contain any valid skills.
[14:05:06] [Render thread/INFO] (LevelZ) Processing restriction entry: magic_12 | replace=false
[14:05:06] [Render thread/WARN] (LevelZ) Restriction magic_12 contains an unrecognized skill called magic
[14:05:06] [Render thread/WARN] (LevelZ) Restriction magic_12 does not contain any valid skills.
[14:05:06] [Render thread/INFO] (LevelZ) Processing restriction entry: magic_13 | replace=false
[14:05:06] [Render thread/WARN] (LevelZ) Restriction magic_13 contains an unrecognized skill called magic
[14:05:06] [Render thread/WARN] (LevelZ) Restriction magic_13 does not contain any valid skills.
[14:05:06] [Render thread/INFO] (LevelZ) Processing restriction entry: magic_14 | replace=false
[14:05:06] [Render thread/WARN] (LevelZ) Restriction magic_14 contains an unrecognized skill called magic
[14:05:06] [Render thread/WARN] (LevelZ) Restriction magic_14 does not contain any valid skills.
[14:05:06] [Render thread/INFO] (LevelZ) Processing restriction entry: magic_15 | replace=false
[14:05:06] [Render thread/WARN] (LevelZ) Restriction magic_15 contains an unrecognized skill called magic
[14:05:06] [Render thread/WARN] (LevelZ) Restriction magic_15 does not contain any valid skills.
[14:05:06] [Render thread/INFO] (LevelZ) Processing restriction entry: magic_16 | replace=false
[14:05:06] [Render thread/WARN] (LevelZ) Restriction magic_16 contains an unrecognized skill called magic
[14:05:06] [Render thread/WARN] (LevelZ) Restriction magic_16 does not contain any valid skills.
[14:05:06] [Render thread/INFO] (LevelZ) Processing restriction entry: magic_17 | replace=false
[14:05:06] [Render thread/WARN] (LevelZ) Restriction magic_17 contains an unrecognized skill called magic
[14:05:06] [Render thread/WARN] (LevelZ) Restriction magic_17 does not contain any valid skills.
[14:05:06] [Render thread/INFO] (LevelZ) Processing restriction entry: magic_18 | replace=false
[14:05:06] [Render thread/WARN] (LevelZ) Restriction magic_18 contains an unrecognized skill called magic
[14:05:06] [Render thread/WARN] (LevelZ) Restriction magic_18 does not contain any valid skills.
[14:05:06] [Render thread/INFO] (LevelZ) Processing restriction entry: magic_19 | replace=false
[14:05:06] [Render thread/WARN] (LevelZ) Restriction magic_19 contains an unrecognized skill called magic
[14:05:06] [Render thread/WARN] (LevelZ) Restriction magic_19 does not contain any valid skills.
[14:05:06] [Render thread/INFO] (LevelZ) Processing restriction entry: magic_20 | replace=false
[14:05:06] [Render thread/WARN] (LevelZ) Restriction magic_20 contains an unrecognized skill called magic
[14:05:06] [Render thread/WARN] (LevelZ) Restriction magic_20 does not contain any valid skills.
[14:05:06] [Render thread/INFO] (LevelZ) Processing restriction entry: mining_1 | replace=false
[14:05:06] [Render thread/WARN] (LevelZ) Restriction mining_1 contains an unrecognized skill called mining
[14:05:06] [Render thread/WARN] (LevelZ) Restriction mining_1 does not contain any valid skills.
[14:05:06] [Render thread/INFO] (LevelZ) Processing restriction entry: mining_2 | replace=false
[14:05:06] [Render thread/WARN] (LevelZ) Restriction mining_2 contains an unrecognized skill called mining
[14:05:06] [Render thread/WARN] (LevelZ) Restriction mining_2 does not contain any valid skills.
[14:05:06] [Render thread/INFO] (LevelZ) Processing restriction entry: mining_3 | replace=false
[14:05:06] [Render thread/WARN] (LevelZ) Restriction mining_3 contains an unrecognized skill called mining
[14:05:06] [Render thread/WARN] (LevelZ) Restriction mining_3 does not contain any valid skills.
[14:05:06] [Render thread/INFO] (LevelZ) Processing restriction entry: mining_4 | replace=false
[14:05:06] [Render thread/WARN] (LevelZ) Restriction mining_4 contains an unrecognized skill called mining
[14:05:06] [Render thread/WARN] (LevelZ) Restriction mining_4 does not contain any valid skills.
[14:05:06] [Render thread/INFO] (LevelZ) Processing restriction entry: mining_5 | replace=false
[14:05:06] [Render thread/WARN] (LevelZ) Restriction mining_5 contains an unrecognized skill called mining
[14:05:06] [Render thread/WARN] (LevelZ) Restriction mining_5 does not contain any valid skills.
[14:05:06] [Render thread/INFO] (LevelZ) Processing restriction entry: mining_6 | replace=false
[14:05:06] [Render thread/WARN] (LevelZ) Restriction mining_6 contains an unrecognized skill called mining
[14:05:06] [Render thread/WARN] (LevelZ) Restriction mining_6 does not contain any valid skills.
[14:05:06] [Render thread/INFO] (LevelZ) Processing restriction entry: mining_7 | replace=false
[14:05:06] [Render thread/WARN] (LevelZ) Restriction mining_7 contains an unrecognized skill called mining
[14:05:06] [Render thread/WARN] (LevelZ) Restriction mining_7 does not contain any valid skills.
[14:05:06] [Render thread/INFO] (LevelZ) Processing restriction entry: mining_8 | replace=false
[14:05:06] [Render thread/WARN] (LevelZ) Restriction mining_8 contains an unrecognized skill called mining
[14:05:06] [Render thread/WARN] (LevelZ) Restriction mining_8 does not contain any valid skills.
[14:05:06] [Render thread/INFO] (LevelZ) Processing restriction entry: mining_9 | replace=false
[14:05:06] [Render thread/WARN] (LevelZ) Restriction mining_9 contains an unrecognized skill called mining
[14:05:06] [Render thread/WARN] (LevelZ) Restriction mining_9 does not contain any valid skills.
[14:05:06] [Render thread/INFO] (LevelZ) Processing restriction entry: mining_10 | replace=false
[14:05:06] [Render thread/WARN] (LevelZ) Restriction mining_10 contains an unrecognized skill called mining
[14:05:06] [Render thread/WARN] (LevelZ) Restriction mining_10 does not contain any valid skills.
[14:05:06] [Render thread/INFO] (LevelZ) Processing restriction entry: mining_11 | replace=false
[14:05:06] [Render thread/WARN] (LevelZ) Restriction mining_11 contains an unrecognized skill called mining
[14:05:06] [Render thread/WARN] (LevelZ) Restriction mining_11 does not contain any valid skills.
[14:05:06] [Render thread/INFO] (LevelZ) Processing restriction entry: mining_12 | replace=false
[14:05:06] [Render thread/WARN] (LevelZ) Restriction mining_12 contains an unrecognized skill called mining
[14:05:06] [Render thread/WARN] (LevelZ) Restriction mining_12 does not contain any valid skills.
[14:05:06] [Render thread/INFO] (LevelZ) Processing restriction entry: mining_13 | replace=false
[14:05:06] [Render thread/WARN] (LevelZ) Restriction mining_13 contains an unrecognized skill called mining
[14:05:06] [Render thread/WARN] (LevelZ) Restriction mining_13 does not contain any valid skills.
[14:05:06] [Render thread/INFO] (LevelZ) Processing restriction entry: mining_14 | replace=false
[14:05:06] [Render thread/WARN] (LevelZ) Restriction mining_14 contains an unrecognized skill called mining
[14:05:06] [Render thread/WARN] (LevelZ) Restriction mining_14 does not contain any valid skills.
[14:05:06] [Render thread/INFO] (LevelZ) Processing restriction entry: mining_15 | replace=false
[14:05:06] [Render thread/WARN] (LevelZ) Restriction mining_15 contains an unrecognized skill called mining
[14:05:06] [Render thread/WARN] (LevelZ) Restriction mining_15 does not contain any valid skills.
[14:05:06] [Render thread/INFO] (LevelZ) Processing restriction entry: mining_16 | replace=false
[14:05:06] [Render thread/WARN] (LevelZ) Restriction mining_16 contains an unrecognized skill called mining
[14:05:06] [Render thread/WARN] (LevelZ) Restriction mining_16 does not contain any valid skills.
[14:05:06] [Render thread/INFO] (LevelZ) Processing restriction entry: mining_17 | replace=false
[14:05:06] [Render thread/WARN] (LevelZ) Restriction mining_17 contains an unrecognized skill called mining
[14:05:06] [Render thread/WARN] (LevelZ) Restriction mining_17 does not contain any valid skills.
[14:05:06] [Render thread/INFO] (LevelZ) Processing restriction entry: mining_18 | replace=false
[14:05:06] [Render thread/WARN] (LevelZ) Restriction mining_18 contains an unrecognized skill called mining
[14:05:06] [Render thread/WARN] (LevelZ) Restriction mining_18 does not contain any valid skills.
[14:05:06] [Render thread/INFO] (LevelZ) Processing restriction entry: mining_19 | replace=false
[14:05:06] [Render thread/WARN] (LevelZ) Restriction mining_19 contains an unrecognized skill called mining
[14:05:06] [Render thread/WARN] (LevelZ) Restriction mining_19 does not contain any valid skills.
[14:05:06] [Render thread/INFO] (LevelZ) Processing restriction entry: mining_20 | replace=false
[14:05:06] [Render thread/WARN] (LevelZ) Restriction mining_20 contains an unrecognized skill called mining
[14:05:06] [Render thread/WARN] (LevelZ) Restriction mining_20 does not contain any valid skills.
[14:05:06] [Render thread/INFO] (LevelZ) Processing restriction entry: smithing_1 | replace=false
[14:05:06] [Render thread/WARN] (LevelZ) Restriction smithing_1 contains an unrecognized skill called smithing
[14:05:06] [Render thread/WARN] (LevelZ) Restriction smithing_1 does not contain any valid skills.
[14:05:06] [Render thread/INFO] (LevelZ) Processing restriction entry: smithing_3 | replace=false
[14:05:06] [Render thread/WARN] (LevelZ) Restriction smithing_3 contains an unrecognized skill called smithing
[14:05:06] [Render thread/WARN] (LevelZ) Restriction smithing_3 does not contain any valid skills.
[14:05:06] [Render thread/INFO] (LevelZ) Processing restriction entry: smithing_5 | replace=false
[14:05:06] [Render thread/WARN] (LevelZ) Restriction smithing_5 contains an unrecognized skill called smithing
[14:05:06] [Render thread/WARN] (LevelZ) Restriction smithing_5 does not contain any valid skills.
[14:05:06] [Render thread/INFO] (LevelZ) Processing restriction entry: smithing_7 | replace=false
[14:05:06] [Render thread/WARN] (LevelZ) Restriction smithing_7 contains an unrecognized skill called smithing
[14:05:06] [Render thread/WARN] (LevelZ) Restriction smithing_7 does not contain any valid skills.
[14:05:06] [Render thread/INFO] (LevelZ) Processing restriction entry: smithing_8 | replace=false
[14:05:06] [Render thread/WARN] (LevelZ) Restriction smithing_8 contains an unrecognized skill called smithing
[14:05:06] [Render thread/WARN] (LevelZ) Restriction smithing_8 does not contain any valid skills.
[14:05:06] [Render thread/INFO] (LevelZ) Processing restriction entry: smithing_10 | replace=false
[14:05:06] [Render thread/WARN] (LevelZ) Restriction smithing_10 contains an unrecognized skill called smithing
[14:05:06] [Render thread/WARN] (LevelZ) Restriction smithing_10 does not contain any valid skills.
[14:05:06] [Render thread/INFO] (LevelZ) Processing restriction entry: smithing_15 | replace=false
[14:05:06] [Render thread/WARN] (LevelZ) Restriction smithing_15 contains an unrecognized skill called smithing
[14:05:06] [Render thread/WARN] (LevelZ) Restriction smithing_15 does not contain any valid skills.
[14:05:06] [Render thread/INFO] (LevelZ) Processing restriction entry: smithing_20 | replace=false
[14:05:06] [Render thread/WARN] (LevelZ) Restriction smithing_20 contains an unrecognized skill called smithing
[14:05:06] [Render thread/WARN] (LevelZ) Restriction smithing_20 does not contain any valid skills.
[14:05:06] [Render thread/INFO] (LevelZ) Processing restriction entry: farming_1 | replace=false
[14:05:06] [Render thread/WARN] (LevelZ) Restriction farming_1 contains an unrecognized skill called farming
[14:05:06] [Render thread/WARN] (LevelZ) Restriction farming_1 does not contain any valid skills.
[14:05:06] [Render thread/INFO] (LevelZ) Processing restriction entry: farming_3 | replace=false
[14:05:06] [Render thread/WARN] (LevelZ) Restriction farming_3 contains an unrecognized skill called farming
[14:05:06] [Render thread/WARN] (LevelZ) Restriction farming_3 does not contain any valid skills.
[14:05:06] [Render thread/INFO] (LevelZ) Processing restriction entry: farming_5 | replace=false
[14:05:06] [Render thread/WARN] (LevelZ) Restriction farming_5 contains an unrecognized skill called farming
[14:05:06] [Render thread/WARN] (LevelZ) Restriction farming_5 does not contain any valid skills.
[14:05:06] [Render thread/INFO] (LevelZ) Processing restriction entry: farming_7 | replace=false
[14:05:06] [Render thread/WARN] (LevelZ) Restriction farming_7 contains an unrecognized skill called farming
[14:05:06] [Render thread/WARN] (LevelZ) Restriction farming_7 does not contain any valid skills.
[14:05:06] [Render thread/INFO] (LevelZ) Processing restriction entry: farming_8 | replace=false
[14:05:06] [Render thread/WARN] (LevelZ) Restriction farming_8 contains an unrecognized skill called farming
[14:05:06] [Render thread/WARN] (LevelZ) Restriction farming_8 does not contain any valid skills.
[14:05:06] [Render thread/INFO] (LevelZ) Processing restriction entry: farming_10 | replace=false
[14:05:06] [Render thread/WARN] (LevelZ) Restriction farming_10 contains an unrecognized skill called farming
[14:05:06] [Render thread/WARN] (LevelZ) Restriction farming_10 does not contain any valid skills.
[14:05:06] [Render thread/INFO] (LevelZ) Processing restriction entry: farming_15 | replace=false
[14:05:06] [Render thread/WARN] (LevelZ) Restriction farming_15 contains an unrecognized skill called farming
[14:05:06] [Render thread/WARN] (LevelZ) Restriction farming_15 does not contain any valid skills.
[14:05:06] [Render thread/INFO] (LevelZ) Processing restriction entry: farming_20 | replace=false
[14:05:06] [Render thread/WARN] (LevelZ) Restriction farming_20 contains an unrecognized skill called farming
[14:05:06] [Render thread/WARN] (LevelZ) Restriction farming_20 does not contain any valid skills.
[14:05:06] [Render thread/INFO] (LevelZ) Processing restriction entry: cooking_4 | replace=false
[14:05:06] [Render thread/WARN] (LevelZ) Restriction cooking_4 contains an unrecognized skill called cooking
[14:05:06] [Render thread/WARN] (LevelZ) Restriction cooking_4 does not contain any valid skills.
[14:05:06] [Render thread/INFO] (LevelZ) Processing restriction entry: cooking_8 | replace=false
[14:05:06] [Render thread/WARN] (LevelZ) Restriction cooking_8 contains an unrecognized skill called cooking
[14:05:06] [Render thread/WARN] (LevelZ) Restriction cooking_8 does not contain any valid skills.
[14:05:06] [Render thread/INFO] (LevelZ) Processing restriction entry: cooking_10 | replace=false
[14:05:06] [Render thread/WARN] (LevelZ) Restriction cooking_10 contains an unrecognized skill called cooking
[14:05:06] [Render thread/WARN] (LevelZ) Restriction cooking_10 does not contain any valid skills.
[14:05:06] [Render thread/INFO] (LevelZ) Processing restriction entry: bartering_5 | replace=false
[14:05:06] [Render thread/WARN] (LevelZ) Restriction bartering_5 contains an unrecognized skill called bartering
[14:05:06] [Render thread/WARN] (LevelZ) Restriction bartering_5 does not contain any valid skills.
[14:05:06] [Render thread/INFO] (LevelZ) Processing restriction entry: bartering_10 | replace=false
[14:05:06] [Render thread/WARN] (LevelZ) Restriction bartering_10 contains an unrecognized skill called bartering
[14:05:06] [Render thread/WARN] (LevelZ) Restriction bartering_10 does not contain any valid skills.
[14:05:06] [Render thread/INFO] (LevelZ) Processing restriction entry: bartering_15 | replace=false
[14:05:06] [Render thread/WARN] (LevelZ) Restriction bartering_15 contains an unrecognized skill called bartering
[14:05:06] [Render thread/WARN] (LevelZ) Restriction bartering_15 does not contain any valid skills.
[14:05:06] [Render thread/INFO] (LevelZ) Processing restriction entry: luck_15 | replace=false
[14:05:06] [Render thread/WARN] (LevelZ) Restriction luck_15 contains an unrecognized skill called luck
[14:05:06] [Render thread/WARN] (LevelZ) Restriction luck_15 does not contain any valid skills.
[14:05:06] [Render thread/INFO] (LevelZ) Processing restriction entry: luck_20 | replace=false
[14:05:06] [Render thread/WARN] (LevelZ) Restriction luck_20 contains an unrecognized skill called luck
[14:05:06] [Render thread/WARN] (LevelZ) Restriction luck_20 does not contain any valid skills.
[14:05:06] [Render thread/INFO] (LevelZ) Loading skills...
[14:05:06] [Render thread/INFO] (LevelZ) 02Skills loaded size = 12
[14:05:07] [Render thread/INFO] (BiomeModificationImpl) Applied 0 biome modifications to 0 of 65 new biomes in 1.208 ms
[14:05:07] [Server thread/INFO] (Minecraft) Starting integrated minecraft server version 1.21.11
[14:05:07] [Server thread/INFO] (Minecraft) Generating keypair
[14:05:07] [Server thread/INFO] (Minecraft) Loading 0 persistent chunks...
[14:05:07] [Server thread/INFO] (Minecraft) Preparing spawn area: 16%
[14:05:07] [Server thread/WARN] (TranslationConventionLogWarnings) 
	Dev warning - Untranslated Item Tags detected. Please translate your item tags so other mods such as recipe viewers can properly display your tag's name.
	The format desired is tag.item.<namespace>.<path> for the translation key with slashes in path turned into periods.
	To disable this message, set this system property in your runs: `-Dfabric-tag-conventions-v2.missingTagTranslationWarning=SILENCED`.
	To see individual untranslated item tags found, set the system property to `-Dfabric-tag-conventions-v2.missingTagTranslationWarning=VERBOSE`.
	Default is `SHORT`.

[14:05:08] [Server thread/INFO] (Minecraft) Loading 49 chunks for player spawn...
[14:05:08] [Server thread/INFO] (Minecraft) Preparing spawn area: 16%
[14:05:08] [Server thread/INFO] (Minecraft) Preparing spawn area: 16%
[14:05:08] [Server thread/INFO] (Minecraft) Time elapsed: 1397 ms
[14:05:09] [Server thread/INFO] (Minecraft) Player603[local:E:90f9a7d1] logged in with entity id 85 at (-160.8691369340774, 63.0, -28.369039587005904)
[14:05:09] [Server thread/INFO] (Minecraft) Player603 joined the game
[14:05:09] [Server thread/INFO] (Minecraft) Player603 has completed the challenge [Cover Me in Debris]
[14:05:09] [Server thread/INFO] (Minecraft) Player603 has made the advancement [Cover Me with Diamonds]
[14:05:09] [Server thread/INFO] (Minecraft) Player603 has made the advancement [Suit Up]
[14:05:09] [Server thread/INFO] (Minecraft) Player603 has made the advancement [Acquire Hardware]
[14:05:09] [Render thread/INFO] (Minecraft) [System] [CHAT] Player603 has completed the challenge [Cover Me in Debris]
[14:05:09] [Render thread/INFO] (Minecraft) [System] [CHAT] Player603 has made the advancement [Cover Me with Diamonds]
[14:05:09] [Render thread/INFO] (Minecraft) [System] [CHAT] Player603 has made the advancement [Suit Up]
[14:05:09] [Render thread/INFO] (Minecraft) [System] [CHAT] Player603 has made the advancement [Acquire Hardware]
[14:05:09] [Render thread/INFO] (Minecraft) Resizing Dynamic Transforms UBO, capacity limit of 2 reached during a single frame. New capacity will be 4.
[14:05:09] [Server thread/INFO] (Minecraft) Changing view distance to 16, from 10
[14:05:09] [Server thread/INFO] (Minecraft) Changing simulation distance to 12, from 0
[14:05:09] [Render thread/INFO] (Minecraft) Loaded 71 advancements
[14:05:09] [Render thread/INFO] (Minecraft) Resizing Dynamic Transforms UBO, capacity limit of 4 reached during a single frame. New capacity will be 8.
[14:05:09] [Render thread/INFO] (Minecraft) Resizing Chunk Sections UBO, capacity limit of 2 reached during a single frame. New capacity will be 4.
[14:05:09] [Render thread/INFO] (Minecraft) Resizing Chunk Sections UBO, capacity limit of 4 reached during a single frame. New capacity will be 8.
[14:05:09] [Render thread/INFO] (Minecraft) Resizing Chunk Sections UBO, capacity limit of 8 reached during a single frame. New capacity will be 16.
[14:05:09] [Render thread/INFO] (Minecraft) Resizing Chunk Sections UBO, capacity limit of 16 reached during a single frame. New capacity will be 32.
[14:05:09] [Render thread/INFO] (Minecraft) Resizing Dynamic Transforms UBO, capacity limit of 8 reached during a single frame. New capacity will be 16.
[14:05:09] [Render thread/INFO] (Minecraft) Resizing Chunk Sections UBO, capacity limit of 32 reached during a single frame. New capacity will be 64.
[14:05:10] [Render thread/INFO] (Minecraft) Resizing Chunk Sections UBO, capacity limit of 64 reached during a single frame. New capacity will be 128.
[14:05:10] [Render thread/INFO] (Minecraft) Resizing Chunk Sections UBO, capacity limit of 128 reached during a single frame. New capacity will be 256.
[14:05:11] [Render thread/INFO] (Minecraft) Resizing Chunk Sections UBO, capacity limit of 256 reached during a single frame. New capacity will be 512.
[14:05:12] [Server thread/INFO] (Minecraft) Saving and pausing game...
[14:05:12] [Server thread/INFO] (Minecraft) Saving chunks for level 'ServerLevel[New World]'/minecraft:overworld
[14:05:12] [Server thread/INFO] (Minecraft) Saving chunks for level 'ServerLevel[New World]'/minecraft:the_nether
[14:05:12] [Server thread/INFO] (Minecraft) Saving chunks for level 'ServerLevel[New World]'/minecraft:the_end
[14:05:14] [Render thread/INFO] (Minecraft) Resizing Chunk Sections UBO, capacity limit of 512 reached during a single frame. New capacity will be 1024.
[14:05:21] [Server thread/INFO] (Minecraft) Player603 has made the advancement [Monster Hunter]
[14:05:21] [Render thread/INFO] (Minecraft) [System] [CHAT] Player603 has made the advancement [Monster Hunter]
[14:05:21] [Render thread/INFO] (Minecraft) Loaded 113 advancements
[14:05:22] [Render thread/INFO] (Minecraft) Loaded 113 advancements
[14:05:39] [Render thread/WARN] (Minecraft) Unable to play empty soundEvent: minecraft:entity.salmon.ambient
[14:06:02] [Render thread/INFO] (Minecraft) Resizing Dynamic Transforms UBO, capacity limit of 16 reached during a single frame. New capacity will be 32.
[14:06:09] [Server thread/INFO] (Minecraft) [Player603: Set own game mode to Creative Mode]
[14:06:09] [Render thread/INFO] (Minecraft) [System] [CHAT] Set own game mode to Creative Mode
[14:06:17] [Render thread/INFO] (Minecraft) Loaded 113 advancements
[14:06:22] [Server thread/INFO] (Minecraft) [Player603: Set own game mode to Survival Mode]
[14:06:22] [Render thread/INFO] (Minecraft) [System] [CHAT] Set own game mode to Survival Mode
[14:06:40] [Render thread/INFO] (Minecraft) Loaded 116 advancements
[14:06:55] [Render thread/INFO] (Minecraft) Loaded 119 advancements
[14:07:33] [Render thread/INFO] (Minecraft) Loaded 129 advancements
[14:07:38] [Server thread/INFO] (Minecraft) Saving and pausing game...
[14:07:38] [Server thread/INFO] (Minecraft) Saving chunks for level 'ServerLevel[New World]'/minecraft:overworld
[14:07:38] [Server thread/INFO] (Minecraft) Saving chunks for level 'ServerLevel[New World]'/minecraft:the_nether
[14:07:38] [Server thread/INFO] (Minecraft) Saving chunks for level 'ServerLevel[New World]'/minecraft:the_end
[14:07:40] [Server thread/INFO] (Minecraft) Player603 lost connection: Disconnected
[14:07:40] [Server thread/INFO] (Minecraft) Player603 left the game
[14:07:40] [Server thread/INFO] (Minecraft) Stopping singleplayer server as player logged out
[14:07:40] [Server thread/INFO] (Minecraft) Stopping server
[14:07:40] [Server thread/INFO] (Minecraft) Saving players
[14:07:40] [Server thread/INFO] (Minecraft) Saving worlds
[14:07:40] [Server thread/INFO] (Minecraft) Saving chunks for level 'ServerLevel[New World]'/minecraft:overworld
[14:07:40] [Server thread/INFO] (Minecraft) Saving chunks for level 'ServerLevel[New World]'/minecraft:the_nether
[14:07:40] [Server thread/INFO] (Minecraft) Saving chunks for level 'ServerLevel[New World]'/minecraft:the_end
[14:07:40] [Server thread/INFO] (Minecraft) ThreadedAnvilChunkStorage (New World): All chunks are saved
[14:07:40] [Server thread/INFO] (Minecraft) ThreadedAnvilChunkStorage (DIM-1): All chunks are saved
[14:07:40] [Server thread/INFO] (Minecraft) ThreadedAnvilChunkStorage (DIM1): All chunks are saved
[14:07:40] [Server thread/INFO] (Minecraft) ThreadedAnvilChunkStorage: All dimensions are saved
[14:07:43] [Render thread/INFO] (Minecraft) Stopping!
